 =========================>     TALLY 2: FUEL     <=========================

 U235
   Fission Rate                         10.3635 +/- 0.0182879
   Total Reaction Rate                  14.2934 +/- 0.0251841
   Absorption Rate                      12.5281 +/- 0.0221042
   (n,elastic)                          1.60511 +/- 0.00280386
   Scattering Rate                      1.76531 +/- 0.00308132
   Decay Rate                           0.0684562 +/- 0.0001208
 U238
   Fission Rate                         0.535705 +/- 0.000926414
   Total Reaction Rate                  53.7723 +/- 0.0936551
   Absorption Rate                      4.81422 +/- 0.00836693
   (n,elastic)                          43.2437 +/- 0.0753976
   Scattering Rate                      48.9581 +/- 0.0852939
   Decay Rate                           0.0193195 +/- 3.34294e-05
 Gd152
   Fission Rate                         0 +/- 0
   Total Reaction Rate                  0.00132314 +/- 2.31203e-06
   Absorption Rate                      0.000439118 +/- 7.87015e-07
   (n,elastic)                          0.000865061 +/- 1.51187e-06
   Scattering Rate                      0.000884025 +/- 1.54376e-06
   Decay Rate                           0 +/- 0
 O16
   Fission Rate                         0 +/- 0
   Total Reaction Rate                  119.38 +/- 0.205199
   Absorption Rate                      0.0783133 +/- 0.000133124
   (n,elastic)                          119.264 +/- 0.205002
   Scattering Rate                      119.302 +/- 0.205067
   Decay Rate                           0 +/- 0
 H1
   Fission Rate                         0 +/- 0
   Total Reaction Rate                  808.747 +/- 1.37743
   Absorption Rate                      4.4736 +/- 0.00755048
   (n,elastic)                          804.273 +/- 1.36989
   Scattering Rate                      804.273 +/- 1.36989
   Decay Rate                           0 +/- 0
 =========================>     TALLY 1: FLUX     <=========================

 Total Material
   Flux                                 1037.01 +/- 1.78296
