 =========================>     TALLY 2: FUEL     <=========================

 U235
   Fission Rate                         0.327779 +/- 0.00207469
   Total Reaction Rate                  0.439431 +/- 0.00252599
   Absorption Rate                      0.394054 +/- 0.00244105
   (n,elastic)                          0.0414911 +/- 0.000129342
   Scattering Rate                      0.045377 +/- 0.000138757
   Decay Rate                           0.00216356 +/- 1.36624e-05
 U238
   Fission Rate                         0.0197492 +/- 0.000143696
   Total Reaction Rate                  2.06713 +/- 0.00595233
   Absorption Rate                      0.194239 +/- 0.00128219
   (n,elastic)                          1.66247 +/- 0.00502075
   Scattering Rate                      1.87289 +/- 0.0055586
   Decay Rate                           0.000712603 +/- 5.16039e-06
 Gd152
   Fission Rate                         0 +/- 0
   Total Reaction Rate                  5.37944e-05 +/- 2.03611e-06
   Absorption Rate                      1.89578e-05 +/- 1.11606e-06
   (n,elastic)                          3.4147e-05 +/- 1.17774e-06
   Scattering Rate                      3.48366e-05 +/- 1.17789e-06
   Decay Rate                           0 +/- 0
 O16
   Fission Rate                         0 +/- 0
   Total Reaction Rate                  4.49591 +/- 0.0143104
   Absorption Rate                      0.00280443 +/- 5.78887e-05
   (n,elastic)                          4.49181 +/- 0.0142824
   Scattering Rate                      4.4931 +/- 0.0142954
   Decay Rate                           0 +/- 0
 H1
   Fission Rate                         0 +/- 0
   Total Reaction Rate                  30.7442 +/- 0.200284
   Absorption Rate                      0.175253 +/- 0.00195053
   (n,elastic)                          30.5689 +/- 0.198356
   Scattering Rate                      30.5689 +/- 0.198356
   Decay Rate                           0 +/- 0
 =========================>     TALLY 1: FLUX     <=========================

 Total Material
   Flux                                 38.9068 +/- 0.121926
 =======================>     TALLY 3: HEATING     <========================

 U235
   heating                              5.75659e+07 +/- 364412
 U238
   heating                              3.51372e+06 +/- 25553.5
 Gd152
   heating                              0.0262272 +/- 0.000349835
 O16
   heating                              136659 +/- 777.121
 H1
   heating                              1.17234e+06 +/- 5564.15
 Zr90
   heating                              7406.05 +/- 98.8894
